빌드 시작: 2014-03-31 오전 4:06:15
     1>2 노드의 "D:\Programming\WindowsSystemProgramming\3_20_Terror\UpdateServer\UpdateServer.vcxproj" 프로젝트(Build 대상)입니다.
     1>ClCompile:
         C:\Program Files (x86)\Microsoft Visual Studio 11.0\VC\bin\CL.exe /c /ZI /nologo /W3 /WX- /Od /Oy- /D WIN32 /D _DEBUG /D _CONSOLE /D _MBCS /Gm /EHsc /RTC1 /MDd /GS /fp:precise /Zc:wchar_t /Zc:forScope /Fo"Debug\\" /Fd"Debug\vc110.pdb" /Gd /TP /analyze- /errorReport:prompt wcomm.cpp
         wcomm.cpp
     1>d:\programming\windowssystemprogramming\3_20_terror\updateserver\wcomm.cpp(116): warning C4996: 'fopen': This function or variable may be unsafe. Consider using fopen_s instead. To disable deprecation, use _CRT_SECURE_NO_WARNINGS. See online help for details.
                 c:\program files (x86)\microsoft visual studio 11.0\vc\include\stdio.h(218) : 'fopen' 선언을 참조하십시오.
     1>d:\programming\windowssystemprogramming\3_20_terror\updateserver\wcomm.cpp(124): warning C4996: 'strcpy': This function or variable may be unsafe. Consider using strcpy_s instead. To disable deprecation, use _CRT_SECURE_NO_WARNINGS. See online help for details.
                 c:\program files (x86)\microsoft visual studio 11.0\vc\include\string.h(110) : 'strcpy' 선언을 참조하십시오.
     1>d:\programming\windowssystemprogramming\3_20_terror\updateserver\wcomm.cpp(168): warning C4996: 'itoa': The POSIX name for this item is deprecated. Instead, use the ISO C++ conformant name: _itoa. See online help for details.
                 c:\program files (x86)\microsoft visual studio 11.0\vc\include\stdlib.h(909) : 'itoa' 선언을 참조하십시오.
     1>d:\programming\windowssystemprogramming\3_20_terror\updateserver\wcomm.cpp(178): warning C4996: 'fopen': This function or variable may be unsafe. Consider using fopen_s instead. To disable deprecation, use _CRT_SECURE_NO_WARNINGS. See online help for details.
                 c:\program files (x86)\microsoft visual studio 11.0\vc\include\stdio.h(218) : 'fopen' 선언을 참조하십시오.
       Link:
         C:\Program Files (x86)\Microsoft Visual Studio 11.0\VC\bin\link.exe /ERRORREPORT:PROMPT /OUT:"D:\Programming\WindowsSystemProgramming\3_20_Terror\Debug\UpdateClient.exe" /INCREMENTAL /NOLOGO kernel32.lib user32.lib gdi32.lib winspool.lib comdlg32.lib advapi32.lib shell32.lib ole32.lib oleaut32.lib uuid.lib odbc32.lib odbccp32.lib /MANIFEST /MANIFESTUAC:"level='asInvoker' uiAccess='false'" /manifest:embed /DEBUG /PDB:"D:\Programming\WindowsSystemProgramming\3_20_Terror\Debug\UpdateClient.pdb" /SUBSYSTEM:CONSOLE /TLBID:1 /DYNAMICBASE /NXCOMPAT /IMPLIB:"D:\Programming\WindowsSystemProgramming\3_20_Terror\Debug\UpdateClient.lib" /MACHINE:X86 Debug\main.obj
         Debug\wcomm.obj
         UpdateServer.vcxproj -> D:\Programming\WindowsSystemProgramming\3_20_Terror\Debug\UpdateClient.exe
     1>"D:\Programming\WindowsSystemProgramming\3_20_Terror\UpdateServer\UpdateServer.vcxproj" 프로젝트를 빌드했습니다(Build 대상).

빌드했습니다.

경과 시간: 00:00:02.63
