빌드 시작: 2014-01-27 오후 9:36:57
     1>2 노드의 "D:\Programming\WhitrHat\fakeCLI\fakeCLI\fakeCLI.vcxproj" 프로젝트(Build 대상)입니다.
     1>ClCompile:
         C:\Program Files (x86)\Microsoft Visual Studio 11.0\VC\bin\CL.exe /c /ZI /nologo /W3 /WX- /Od /Oy- /D WIN32 /D _DEBUG /D _CONSOLE /D _UNICODE /D UNICODE /Gm /EHsc /RTC1 /MDd /GS /fp:precise /Zc:wchar_t /Zc:forScope /Fo"Debug\\" /Fd"Debug\vc110.pdb" /Gd /TP /analyze- /errorReport:prompt main.cpp
         main.cpp
     1>d:\programming\whitrhat\fakecli\fakecli\main.cpp(47): warning C4996: 'strtok': This function or variable may be unsafe. Consider using strtok_s instead. To disable deprecation, use _CRT_SECURE_NO_WARNINGS. See online help for details.
                 c:\program files (x86)\microsoft visual studio 11.0\vc\include\string.h(200) : 'strtok' 선언을 참조하십시오.
     1>d:\programming\whitrhat\fakecli\fakecli\main.cpp(55): warning C4996: 'strtok': This function or variable may be unsafe. Consider using strtok_s instead. To disable deprecation, use _CRT_SECURE_NO_WARNINGS. See online help for details.
                 c:\program files (x86)\microsoft visual studio 11.0\vc\include\string.h(200) : 'strtok' 선언을 참조하십시오.
     1>c:\program files (x86)\microsoft visual studio 11.0\vc\include\xutility(2176): warning C4996: 'std::_Copy_impl': Function call with parameters that may be unsafe - this call relies on the caller to check that the passed values are correct. To disable this warning, use -D_SCL_SECURE_NO_WARNINGS. See documentation on how to use Visual C++ 'Checked Iterators'
                 c:\program files (x86)\microsoft visual studio 11.0\vc\include\xutility(2157) : 'std::_Copy_impl' 선언을 참조하십시오.
                 d:\programming\whitrhat\fakecli\fakecli\main.cpp(45) : 컴파일 중인 함수 템플릿 인스턴스화 '_OutIt std::copy<std::_String_iterator<_Mystr>,char*>(_InIt,_InIt,_OutIt)'에 대한 참조를 확인하십시오.
                 with
                 [
                     _OutIt=char *,
                     _Mystr=std::_String_val<std::_Simple_types<char>>,
                     _InIt=std::_String_iterator<std::_String_val<std::_Simple_types<char>>>
                 ]
       Link:
         C:\Program Files (x86)\Microsoft Visual Studio 11.0\VC\bin\link.exe /ERRORREPORT:PROMPT /OUT:"D:\Programming\WhitrHat\fakeCLI\Debug\fakeCLI.exe" /INCREMENTAL /NOLOGO kernel32.lib user32.lib gdi32.lib winspool.lib comdlg32.lib advapi32.lib shell32.lib ole32.lib oleaut32.lib uuid.lib odbc32.lib odbccp32.lib /MANIFEST /MANIFESTUAC:"level='asInvoker' uiAccess='false'" /manifest:embed /DEBUG /PDB:"D:\Programming\WhitrHat\fakeCLI\Debug\fakeCLI.pdb" /SUBSYSTEM:CONSOLE /TLBID:1 /DYNAMICBASE /NXCOMPAT /IMPLIB:"D:\Programming\WhitrHat\fakeCLI\Debug\fakeCLI.lib" /MACHINE:X86 Debug\main.obj
         fakeCLI.vcxproj -> D:\Programming\WhitrHat\fakeCLI\Debug\fakeCLI.exe
     1>"D:\Programming\WhitrHat\fakeCLI\fakeCLI\fakeCLI.vcxproj" 프로젝트를 빌드했습니다(Build 대상).

빌드했습니다.

경과 시간: 00:00:01.44
