D:\게임프로젝트\CRAZYARCADE\CRAZYARCADE\DEBUG\CRAZYARCADE.PCH
D:\게임프로젝트\CRAZYARCADE\CRAZYARCADE\DEBUG\STDAFX.OBJ
D:\게임프로젝트\CRAZYARCADE\CRAZYARCADE\DEBUG\VC110.PDB
D:\게임프로젝트\CRAZYARCADE\CRAZYARCADE\DEBUG\CRAZYARCADE.OBJ
D:\게임프로젝트\CRAZYARCADE\CRAZYARCADE\DEBUG\MAIN.OBJ
D:\게임프로젝트\CRAZYARCADE\CRAZYARCADE\DEBUG\KDBUFFER.OBJ
D:\게임프로젝트\CRAZYARCADE\CRAZYARCADE\DEBUG\KKEYBOARD.OBJ
D:\게임프로젝트\CRAZYARCADE\CRAZYARCADE\DEBUG\KPLAYER.OBJ
D:\게임프로젝트\CRAZYARCADE\CRAZYARCADE\DEBUG\KMEDIA.OBJ
D:\게임프로젝트\CRAZYARCADE\CRAZYARCADE\DEBUG\KDC.OBJ
D:\게임프로젝트\CRAZYARCADE\CRAZYARCADE\DEBUG\KGAME.OBJ
D:\게임프로젝트\CRAZYARCADE\CRAZYARCADE\DEBUG\KBOMB.OBJ
D:\게임프로젝트\CRAZYARCADE\DEBUG\CRAZYARCADE.ILK
D:\게임프로젝트\CRAZYARCADE\DEBUG\CRAZYARCADE.EXE
D:\게임프로젝트\CRAZYARCADE\DEBUG\CRAZYARCADE.PDB
D:\게임프로젝트\CRAZYARCADE\CRAZYARCADE\DEBUG\CRAZYARCADE.RES
D:\게임프로젝트\CrazyArcade\CrazyArcade\Debug\CrazyArcade.obj
D:\게임프로젝트\CrazyArcade\CrazyArcade\Debug\KBomb.obj
D:\게임프로젝트\CrazyArcade\CrazyArcade\Debug\KDBuffer.obj
D:\게임프로젝트\CrazyArcade\CrazyArcade\Debug\KDC.obj
D:\게임프로젝트\CrazyArcade\CrazyArcade\Debug\KGame.obj
D:\게임프로젝트\CrazyArcade\CrazyArcade\Debug\KKeyboard.obj
D:\게임프로젝트\CrazyArcade\CrazyArcade\Debug\KMedia.obj
D:\게임프로젝트\CrazyArcade\CrazyArcade\Debug\KPlayer.obj
D:\게임프로젝트\CrazyArcade\CrazyArcade\Debug\main.obj
D:\게임프로젝트\CrazyArcade\CrazyArcade\Debug\stdafx.obj
D:\게임프로젝트\CrazyArcade\CrazyArcade\Debug\cl.command.1.tlog
D:\게임프로젝트\CrazyArcade\CrazyArcade\Debug\CL.read.1.tlog
D:\게임프로젝트\CrazyArcade\CrazyArcade\Debug\CL.write.1.tlog
D:\게임프로젝트\CrazyArcade\CrazyArcade\Debug\link-cvtres.read.1.tlog
D:\게임프로젝트\CrazyArcade\CrazyArcade\Debug\link-cvtres.write.1.tlog
D:\게임프로젝트\CrazyArcade\CrazyArcade\Debug\link-rc.read.1.tlog
D:\게임프로젝트\CrazyArcade\CrazyArcade\Debug\link-rc.write.1.tlog
D:\게임프로젝트\CrazyArcade\CrazyArcade\Debug\link.1660-cvtres.read.1.tlog
D:\게임프로젝트\CrazyArcade\CrazyArcade\Debug\link.1660-cvtres.write.1.tlog
D:\게임프로젝트\CrazyArcade\CrazyArcade\Debug\link.1660-rc.read.1.tlog
D:\게임프로젝트\CrazyArcade\CrazyArcade\Debug\link.1660-rc.write.1.tlog
D:\게임프로젝트\CrazyArcade\CrazyArcade\Debug\link.1660.read.1.tlog
D:\게임프로젝트\CrazyArcade\CrazyArcade\Debug\link.1660.write.1.tlog
D:\게임프로젝트\CrazyArcade\CrazyArcade\Debug\link.1788-cvtres.read.1.tlog
D:\게임프로젝트\CrazyArcade\CrazyArcade\Debug\link.1788-cvtres.write.1.tlog
D:\게임프로젝트\CrazyArcade\CrazyArcade\Debug\link.1788-rc.read.1.tlog
D:\게임프로젝트\CrazyArcade\CrazyArcade\Debug\link.1788-rc.write.1.tlog
D:\게임프로젝트\CrazyArcade\CrazyArcade\Debug\link.1788.read.1.tlog
D:\게임프로젝트\CrazyArcade\CrazyArcade\Debug\link.1788.write.1.tlog
D:\게임프로젝트\CrazyArcade\CrazyArcade\Debug\link.188-cvtres.read.1.tlog
D:\게임프로젝트\CrazyArcade\CrazyArcade\Debug\link.188-cvtres.write.1.tlog
D:\게임프로젝트\CrazyArcade\CrazyArcade\Debug\link.188-rc.read.1.tlog
D:\게임프로젝트\CrazyArcade\CrazyArcade\Debug\link.188-rc.write.1.tlog
D:\게임프로젝트\CrazyArcade\CrazyArcade\Debug\link.188.read.1.tlog
D:\게임프로젝트\CrazyArcade\CrazyArcade\Debug\link.188.write.1.tlog
D:\게임프로젝트\CrazyArcade\CrazyArcade\Debug\link.2140-cvtres.read.1.tlog
D:\게임프로젝트\CrazyArcade\CrazyArcade\Debug\link.2140-cvtres.write.1.tlog
D:\게임프로젝트\CrazyArcade\CrazyArcade\Debug\link.2140-rc.read.1.tlog
D:\게임프로젝트\CrazyArcade\CrazyArcade\Debug\link.2140-rc.write.1.tlog
D:\게임프로젝트\CrazyArcade\CrazyArcade\Debug\link.2140.read.1.tlog
D:\게임프로젝트\CrazyArcade\CrazyArcade\Debug\link.2140.write.1.tlog
D:\게임프로젝트\CrazyArcade\CrazyArcade\Debug\link.2160-cvtres.read.1.tlog
D:\게임프로젝트\CrazyArcade\CrazyArcade\Debug\link.2160-cvtres.write.1.tlog
D:\게임프로젝트\CrazyArcade\CrazyArcade\Debug\link.2160-rc.read.1.tlog
D:\게임프로젝트\CrazyArcade\CrazyArcade\Debug\link.2160-rc.write.1.tlog
D:\게임프로젝트\CrazyArcade\CrazyArcade\Debug\link.2160.read.1.tlog
D:\게임프로젝트\CrazyArcade\CrazyArcade\Debug\link.2160.write.1.tlog
D:\게임프로젝트\CrazyArcade\CrazyArcade\Debug\link.2180-cvtres.read.1.tlog
D:\게임프로젝트\CrazyArcade\CrazyArcade\Debug\link.2180-cvtres.write.1.tlog
D:\게임프로젝트\CrazyArcade\CrazyArcade\Debug\link.2180-rc.read.1.tlog
D:\게임프로젝트\CrazyArcade\CrazyArcade\Debug\link.2180-rc.write.1.tlog
D:\게임프로젝트\CrazyArcade\CrazyArcade\Debug\link.2180.read.1.tlog
D:\게임프로젝트\CrazyArcade\CrazyArcade\Debug\link.2180.write.1.tlog
D:\게임프로젝트\CrazyArcade\CrazyArcade\Debug\link.2556-cvtres.read.1.tlog
D:\게임프로젝트\CrazyArcade\CrazyArcade\Debug\link.2556-cvtres.write.1.tlog
D:\게임프로젝트\CrazyArcade\CrazyArcade\Debug\link.2556-rc.read.1.tlog
D:\게임프로젝트\CrazyArcade\CrazyArcade\Debug\link.2556-rc.write.1.tlog
D:\게임프로젝트\CrazyArcade\CrazyArcade\Debug\link.2556.read.1.tlog
D:\게임프로젝트\CrazyArcade\CrazyArcade\Debug\link.2556.write.1.tlog
D:\게임프로젝트\CrazyArcade\CrazyArcade\Debug\link.3704-cvtres.read.1.tlog
D:\게임프로젝트\CrazyArcade\CrazyArcade\Debug\link.3704-cvtres.write.1.tlog
D:\게임프로젝트\CrazyArcade\CrazyArcade\Debug\link.3704-rc.read.1.tlog
D:\게임프로젝트\CrazyArcade\CrazyArcade\Debug\link.3704-rc.write.1.tlog
D:\게임프로젝트\CrazyArcade\CrazyArcade\Debug\link.3704.read.1.tlog
D:\게임프로젝트\CrazyArcade\CrazyArcade\Debug\link.3704.write.1.tlog
D:\게임프로젝트\CrazyArcade\CrazyArcade\Debug\link.3916-cvtres.read.1.tlog
D:\게임프로젝트\CrazyArcade\CrazyArcade\Debug\link.3916-cvtres.write.1.tlog
D:\게임프로젝트\CrazyArcade\CrazyArcade\Debug\link.3916-rc.read.1.tlog
D:\게임프로젝트\CrazyArcade\CrazyArcade\Debug\link.3916-rc.write.1.tlog
D:\게임프로젝트\CrazyArcade\CrazyArcade\Debug\link.3916.read.1.tlog
D:\게임프로젝트\CrazyArcade\CrazyArcade\Debug\link.3916.write.1.tlog
D:\게임프로젝트\CrazyArcade\CrazyArcade\Debug\link.4028-cvtres.read.1.tlog
D:\게임프로젝트\CrazyArcade\CrazyArcade\Debug\link.4028-cvtres.write.1.tlog
D:\게임프로젝트\CrazyArcade\CrazyArcade\Debug\link.4028-rc.read.1.tlog
D:\게임프로젝트\CrazyArcade\CrazyArcade\Debug\link.4028-rc.write.1.tlog
D:\게임프로젝트\CrazyArcade\CrazyArcade\Debug\link.4028.read.1.tlog
D:\게임프로젝트\CrazyArcade\CrazyArcade\Debug\link.4028.write.1.tlog
D:\게임프로젝트\CrazyArcade\CrazyArcade\Debug\link.4052-cvtres.read.1.tlog
D:\게임프로젝트\CrazyArcade\CrazyArcade\Debug\link.4052-cvtres.write.1.tlog
D:\게임프로젝트\CrazyArcade\CrazyArcade\Debug\link.4052-rc.read.1.tlog
D:\게임프로젝트\CrazyArcade\CrazyArcade\Debug\link.4052-rc.write.1.tlog
D:\게임프로젝트\CrazyArcade\CrazyArcade\Debug\link.4052.read.1.tlog
D:\게임프로젝트\CrazyArcade\CrazyArcade\Debug\link.4052.write.1.tlog
D:\게임프로젝트\CrazyArcade\CrazyArcade\Debug\link.4320-cvtres.read.1.tlog
D:\게임프로젝트\CrazyArcade\CrazyArcade\Debug\link.4320-cvtres.write.1.tlog
D:\게임프로젝트\CrazyArcade\CrazyArcade\Debug\link.4320-rc.read.1.tlog
D:\게임프로젝트\CrazyArcade\CrazyArcade\Debug\link.4320-rc.write.1.tlog
D:\게임프로젝트\CrazyArcade\CrazyArcade\Debug\link.4320.read.1.tlog
D:\게임프로젝트\CrazyArcade\CrazyArcade\Debug\link.4320.write.1.tlog
D:\게임프로젝트\CrazyArcade\CrazyArcade\Debug\link.command.1.tlog
D:\게임프로젝트\CrazyArcade\CrazyArcade\Debug\link.read.1.tlog
D:\게임프로젝트\CrazyArcade\CrazyArcade\Debug\link.write.1.tlog
D:\게임프로젝트\CrazyArcade\CrazyArcade\Debug\rc.command.1.tlog
D:\게임프로젝트\CrazyArcade\CrazyArcade\Debug\rc.read.1.tlog
D:\게임프로젝트\CrazyArcade\CrazyArcade\Debug\rc.write.1.tlog
D:\게임프로젝트\CrazyArcade\CrazyArcade\Debug\CrazyArcade.res
D:\게임프로젝트\CrazyArcade\CrazyArcade\Debug\CrazyArcade.pch
D:\게임프로젝트\CrazyArcade\CrazyArcade\Debug\vc110.idb
D:\게임프로젝트\CrazyArcade\CrazyArcade\Debug\vc110.pdb
D:\게임프로젝트\CrazyArcade\Debug\CrazyArcade.pdb
D:\게임프로젝트\CrazyArcade\Debug\CrazyArcade.exe
D:\게임프로젝트\CrazyArcade\Debug\CrazyArcade.ilk
